<?xml version="1.0" encoding="UTF-8"?>
<!-- Generated by org.testng.reporters.JUnitReportReporter -->
<testsuite hostname="Albinas-MacBook-Pro.local" failures="0" tests="1" name="rahulshettyacademy.ExtendReports.ExtendReportDemo" time="7.452" errors="0" timestamp="2024-09-11T13:53:06 CDT" skipped="0">
  <testcase classname="rahulshettyacademy.ExtendReports.ExtendReportDemo" name="initialDemo" time="7.452"/>
</testsuite> <!-- rahulshettyacademy.ExtendReports.ExtendReportDemo -->
